<?xml version="1.0" encoding="UTF-8"?>
<testsuite xmlns:xsi="http://www.w3.org/2001/XMLSchema-instance" xsi:noNamespaceSchemaLocation="https://maven.apache.org/surefire/maven-surefire-plugin/xsd/surefire-test-report.xsd" name="ozi.app.printer.services.orderService.OrderServicesImplTest" time="0.218" tests="21" errors="0" skipped="0" failures="0">
  <properties>
[...]
</properties>
  <testcase name="getOrdersByStatus" classname="ozi.app.printer.services.orderService.OrderServicesImplTest" time="0"/>
  <testcase name="getOrdersByUserId" classname="ozi.app.printer.services.orderService.OrderServicesImplTest" time="0"/>
  <testcase name="testInvalidId_ThrowException" classname="ozi.app.printer.services.orderService.OrderServicesImplTest" time="0"/>
  <testcase name="test_EmptyOrdersBy_Status_SendThereAreNoOrdersInThisStatus" classname="ozi.app.printer.services.orderService.OrderServicesImplTest" time="0"/>
  <testcase name="deleteOrderByUserId" classname="ozi.app.printer.services.orderService.OrderServicesImplTest" time="0"/>
  <testcase name="if_updateDetailIsNullOrEmpty_DetailDoesNotChangeInDB" classname="ozi.app.printer.services.orderService.OrderServicesImplTest" time="0"/>
  <testcase name="test_AllUpdateDetailIsNullOrEmpty_DetailDoesNotChangeInDB" classname="ozi.app.printer.services.orderService.OrderServicesImplTest" time="0"/>
  <testcase name="updateOrderDeliverDate" classname="ozi.app.printer.services.orderService.OrderServicesImplTest" time="0"/>
  <testcase name="getAllOrders" classname="ozi.app.printer.services.orderService.OrderServicesImplTest" time="0"/>
  <testcase name="createOrder" classname="ozi.app.printer.services.orderService.OrderServicesImplTest" time="0"/>
  <testcase name="getOrderById" classname="ozi.app.printer.services.orderService.OrderServicesImplTest" time="0"/>
  <testcase name="testIncompleteDetails_ThrowException" classname="ozi.app.printer.services.orderService.OrderServicesImplTest" time="0"/>
  <testcase name="test_EmptyOrdersBy_Date_SendThereAreNoOrdersWithThisDate" classname="ozi.app.printer.services.orderService.OrderServicesImplTest" time="0"/>
  <testcase name="deleteAllOrders" classname="ozi.app.printer.services.orderService.OrderServicesImplTest" time="0"/>
  <testcase name="test_if_updateDetailIsNullOrEmpty_DetailDoesNotChangeInDB" classname="ozi.app.printer.services.orderService.OrderServicesImplTest" time="0"/>
  <testcase name="deleteOrderById" classname="ozi.app.printer.services.orderService.OrderServicesImplTest" time="0"/>
  <testcase name="updateOrderStatus" classname="ozi.app.printer.services.orderService.OrderServicesImplTest" time="0"/>
  <testcase name="test_InvalidUserId_ThrowsBusinessException" classname="ozi.app.printer.services.orderService.OrderServicesImplTest" time="0"/>
  <testcase name="testInvalidUserId_ThrowException" classname="ozi.app.printer.services.orderService.OrderServicesImplTest" time="0"/>
  <testcase name="updateOrderDetails" classname="ozi.app.printer.services.orderService.OrderServicesImplTest" time="0"/>
  <testcase name="getOrdersByDate" classname="ozi.app.printer.services.orderService.OrderServicesImplTest" time="0"/>
</testsuite>